<?xml version="1.0" encoding="UTF-8" ?>
<testsuite failures="0" time="3.471" errors="0" skipped="0" tests="3" name="com.siliconarabia.okarabiacomments.comment.test.commentWebServiceTest">
  <properties>
[...]
</properties>
  <testcase time="3.392" classname="com.siliconarabia.okarabiacomments.comment.test.commentWebServiceTest" name="postCommentTest"/>
  <testcase time="0.011" classname="com.siliconarabia.okarabiacomments.comment.test.commentWebServiceTest" name="getUserCommentsTest"/>
  <testcase time="0.037" classname="com.siliconarabia.okarabiacomments.comment.test.commentWebServiceTest" name="postSubCommentTest"/>
</testsuite>